ERROR 2017-02-26 22:52:09.760 [JavaFX Application Thread] Common:325 - C:\Users\user_adm\AppData\Local\Temp\temp5316339312173299780.tmp: The process cannot access the file because it is being used by another process.

java.nio.file.FileSystemException: C:\Users\user_adm\AppData\Local\Temp\temp5316339312173299780.tmp: The process cannot access the file because it is being used by another process.

	at sun.nio.fs.WindowsException.translateToIOException(WindowsException.java:86)
	at sun.nio.fs.WindowsException.rethrowAsIOException(WindowsException.java:97)
	at sun.nio.fs.WindowsException.rethrowAsIOException(WindowsException.java:102)
	at sun.nio.fs.WindowsFileSystemProvider.implDelete(WindowsFileSystemProvider.java:269)
	at sun.nio.fs.AbstractFileSystemProvider.delete(AbstractFileSystemProvider.java:103)
	at java.nio.file.Files.delete(Files.java:1126)
	at com.exactprosystems.jf.tool.Common.readFile(Common.java:435)
	at com.exactprosystems.jf.tool.git.GitUtil.getYours(GitUtil.java:445)
	at com.exactprosystems.jf.tool.git.GitUtil.mergeYours(GitUtil.java:453)
	at com.exactprosystems.jf.tool.git.merge.GitMerge.acceptYours(GitMerge.java:55)
	at com.exactprosystems.jf.tool.git.merge.GitMergeController.lambda$acceptYours$2(GitMergeController.java:76)
	at com.exactprosystems.jf.tool.Common.tryCatch(Common.java:316)
	at com.exactprosystems.jf.tool.git.merge.GitMergeController.acceptYours(GitMergeController.java:76)
	at sun.reflect.NativeMethodAccessorImpl.invoke0(Native Method)
	at sun.reflect.NativeMethodAccessorImpl.invoke(NativeMethodAccessorImpl.java:62)
	at sun.reflect.DelegatingMethodAccessorImpl.invoke(DelegatingMethodAccessorImpl.java:43)
	at java.lang.reflect.Method.invoke(Method.java:498)
	at sun.reflect.misc.Trampoline.invoke(MethodUtil.java:71)
	at sun.reflect.GeneratedMethodAccessor2.invoke(Unknown Source)
	at sun.reflect.DelegatingMethodAccessorImpl.invoke(DelegatingMethodAccessorImpl.java:43)
	at java.lang.reflect.Method.invoke(Method.java:498)
	at sun.reflect.misc.MethodUtil.invoke(MethodUtil.java:275)
	at javafx.fxml.FXMLLoader$MethodHandler.invoke(FXMLLoader.java:1769)
	at javafx.fxml.FXMLLoader$ControllerMethodEventHandler.handle(FXMLLoader.java:1657)
	at com.sun.javafx.event.CompositeEventHandler.dispatchBubblingEvent(CompositeEventHandler.java:86)
	at com.sun.javafx.event.EventHandlerManager.dispatchBubblingEvent(EventHandlerManager.java:238)
	at com.sun.javafx.event.EventHandlerManager.dispatchBubblingEvent(EventHandlerManager.java:191)
	at com.sun.javafx.event.CompositeEventDispatcher.dispatchBubblingEvent(CompositeEventDispatcher.java:59)
	at com.sun.javafx.event.BasicEventDispatcher.dispatchEvent(BasicEventDispatcher.java:58)
	at com.sun.javafx.event.EventDispatchChainImpl.dispatchEvent(EventDispatchChainImpl.java:114)
	at com.sun.javafx.event.BasicEventDispatcher.dispatchEvent(BasicEventDispatcher.java:56)
	at com.sun.javafx.event.EventDispatchChainImpl.dispatchEvent(EventDispatchChainImpl.java:114)
	at com.sun.javafx.event.BasicEventDispatcher.dispatchEvent(BasicEventDispatcher.java:56)
	at com.sun.javafx.event.EventDispatchChainImpl.dispatchEvent(EventDispatchChainImpl.java:114)
	at com.sun.javafx.event.EventUtil.fireEventImpl(EventUtil.java:74)
	at com.sun.javafx.event.EventUtil.fireEvent(EventUtil.java:49)
	at javafx.event.Event.fireEvent(Event.java:198)
	at javafx.scene.Node.fireEvent(Node.java:8413)
	at javafx.scene.control.Button.fire(Button.java:185)
	at com.sun.javafx.scene.control.behavior.ButtonBehavior.mouseReleased(ButtonBehavior.java:182)
	at com.sun.javafx.scene.control.skin.BehaviorSkinBase$1.handle(BehaviorSkinBase.java:96)
	at com.sun.javafx.scene.control.skin.BehaviorSkinBase$1.handle(BehaviorSkinBase.java:89)
	at com.sun.javafx.event.CompositeEventHandler$NormalEventHandlerRecord.handleBubblingEvent(CompositeEventHandler.java:218)
	at com.sun.javafx.event.CompositeEventHandler.dispatchBubblingEvent(CompositeEventHandler.java:80)
	at com.sun.javafx.event.EventHandlerManager.dispatchBubblingEvent(EventHandlerManager.java:238)
	at com.sun.javafx.event.EventHandlerManager.dispatchBubblingEvent(EventHandlerManager.java:191)
	at com.sun.javafx.event.CompositeEventDispatcher.dispatchBubblingEvent(CompositeEventDispatcher.java:59)
	at com.sun.javafx.event.BasicEventDispatcher.dispatchEvent(BasicEventDispatcher.java:58)
	at com.sun.javafx.event.EventDispatchChainImpl.dispatchEvent(EventDispatchChainImpl.java:114)
	at com.sun.javafx.event.BasicEventDispatcher.dispatchEvent(BasicEventDispatcher.java:56)
	at com.sun.javafx.event.EventDispatchChainImpl.dispatchEvent(EventDispatchChainImpl.java:114)
	at com.sun.javafx.event.BasicEventDispatcher.dispatchEvent(BasicEventDispatcher.java:56)
	at com.sun.javafx.event.EventDispatchChainImpl.dispatchEvent(EventDispatchChainImpl.java:114)
	at com.sun.javafx.event.EventUtil.fireEventImpl(EventUtil.java:74)
	at com.sun.javafx.event.EventUtil.fireEvent(EventUtil.java:49)
	at javafx.event.Event.fireEvent(Event.java:198)
	at javafx.scene.Scene$MouseHandler.process(Scene.java:3757)
	at javafx.scene.Scene$MouseHandler.access$1500(Scene.java:3485)
	at javafx.scene.Scene.impl_processMouseEvent(Scene.java:1762)
	at javafx.scene.Scene$ScenePeerListener.mouseEvent(Scene.java:2494)
	at com.sun.javafx.tk.quantum.GlassViewEventHandler$MouseEventNotification.run(GlassViewEventHandler.java:381)
	at com.sun.javafx.tk.quantum.GlassViewEventHandler$MouseEventNotification.run(GlassViewEventHandler.java:295)
	at java.security.AccessController.doPrivileged(Native Method)
	at com.sun.javafx.tk.quantum.GlassViewEventHandler.lambda$handleMouseEvent$354(GlassViewEventHandler.java:417)
	at com.sun.javafx.tk.quantum.QuantumToolkit.runWithoutRenderLock(QuantumToolkit.java:389)
	at com.sun.javafx.tk.quantum.GlassViewEventHandler.handleMouseEvent(GlassViewEventHandler.java:416)
	at com.sun.glass.ui.View.handleMouseEvent(View.java:555)
	at com.sun.glass.ui.View.notifyMouse(View.java:937)
	at com.sun.glass.ui.win.WinApplication._enterNestedEventLoopImpl(Native Method)
	at com.sun.glass.ui.win.WinApplication._enterNestedEventLoop(WinApplication.java:218)
	at com.sun.glass.ui.Application.enterNestedEventLoop(Application.java:511)
	at com.sun.glass.ui.EventLoop.enter(EventLoop.java:107)
	at com.sun.javafx.tk.quantum.QuantumToolkit.enterNestedEventLoop(QuantumToolkit.java:583)
	at javafx.stage.Stage.showAndWait(Stage.java:474)
	at javafx.scene.control.HeavyweightDialog.showAndWait(HeavyweightDialog.java:162)
	at javafx.scene.control.Dialog.showAndWait(Dialog.java:341)
	at com.exactprosystems.jf.tool.git.merge.GitMergeController.show(GitMergeController.java:59)
	at com.exactprosystems.jf.tool.git.merge.GitMerge.display(GitMerge.java:41)
	at com.exactprosystems.jf.tool.main.Main.gitMerge(Main.java:384)
	at com.exactprosystems.jf.tool.git.pull.GitPull.displayFiles(GitPull.java:116)
	at com.exactprosystems.jf.tool.git.pull.GitPull.lambda$null$1(GitPull.java:82)
	at com.exactprosystems.jf.tool.Common.tryCatch(Common.java:316)
	at com.exactprosystems.jf.tool.git.pull.GitPull.lambda$pull$2(GitPull.java:80)
	at com.sun.javafx.event.CompositeEventHandler.dispatchBubblingEvent(CompositeEventHandler.java:86)
	at com.sun.javafx.event.EventHandlerManager.dispatchBubblingEvent(EventHandlerManager.java:238)
	at com.sun.javafx.event.EventHandlerManager.dispatchBubblingEvent(EventHandlerManager.java:191)
	at com.sun.javafx.event.BasicEventDispatcher.dispatchEvent(BasicEventDispatcher.java:58)
	at com.sun.javafx.event.EventDispatchChainImpl.dispatchEvent(EventDispatchChainImpl.java:114)
	at com.sun.javafx.event.EventUtil.fireEventImpl(EventUtil.java:74)
	at com.sun.javafx.event.EventUtil.fireEvent(EventUtil.java:54)
	at javafx.event.Event.fireEvent(Event.java:198)
	at javafx.concurrent.EventHelper.fireEvent(EventHelper.java:219)
	at javafx.concurrent.Service.fireEvent(Service.java:853)
	at javafx.concurrent.Service.lambda$new$490(Service.java:554)
	at com.sun.javafx.binding.ExpressionHelper$SingleChange.fireValueChangedEvent(ExpressionHelper.java:182)
	at com.sun.javafx.binding.ExpressionHelper.fireValueChangedEvent(ExpressionHelper.java:81)
	at javafx.beans.property.ObjectPropertyBase.fireValueChangedEvent(ObjectPropertyBase.java:105)
	at javafx.beans.property.ObjectPropertyBase.markInvalid(ObjectPropertyBase.java:112)
	at javafx.beans.property.ObjectPropertyBase.access$000(ObjectPropertyBase.java:51)
	at javafx.beans.property.ObjectPropertyBase$Listener.invalidated(ObjectPropertyBase.java:233)
	at com.sun.javafx.binding.ExpressionHelper$SingleInvalidation.fireValueChangedEvent(ExpressionHelper.java:137)
	at com.sun.javafx.binding.ExpressionHelper.fireValueChangedEvent(ExpressionHelper.java:81)
	at javafx.beans.property.ObjectPropertyBase.fireValueChangedEvent(ObjectPropertyBase.java:105)
	at javafx.beans.property.ObjectPropertyBase.markInvalid(ObjectPropertyBase.java:112)
	at javafx.beans.property.ObjectPropertyBase.set(ObjectPropertyBase.java:146)
	at javafx.concurrent.Task.setState(Task.java:696)
	at javafx.concurrent.Task$TaskCallable.lambda$call$500(Task.java:1434)
	at com.sun.javafx.application.PlatformImpl.lambda$null$173(PlatformImpl.java:295)
	at java.security.AccessController.doPrivileged(Native Method)
	at com.sun.javafx.application.PlatformImpl.lambda$runLater$174(PlatformImpl.java:294)
	at com.sun.glass.ui.InvokeLaterDispatcher$Future.run(InvokeLaterDispatcher.java:95)
	at com.sun.glass.ui.win.WinApplication._runLoop(Native Method)
	at com.sun.glass.ui.win.WinApplication.lambda$null$148(WinApplication.java:191)
	at java.lang.Thread.run(Thread.java:745)
